<?xml version="1.0" encoding="UTF-8" ?>
<testsuite tests="9" failures="2" name="runTest" time="0.059" errors="0" skipped="5">
  <properties>
    <property name="java.runtime.name" value="Java(TM) SE Runtime Environment"/>
    <property name="java.vm.version" value="11.0.1+13-LTS"/>
    <property name="sun.boot.library.path" value="C:\Progra~1\Java\jdk-11.0.1\bin"/>
    <property name="maven.multiModuleProjectDirectory" value="C:\Users\custo\IdeaProjects\WW_SoftwareEngineerTest"/>
    <property name="java.vm.vendor" value="Oracle Corporation"/>
    <property name="java.vendor.url" value="http://java.oracle.com/"/>
    <property name="guice.disable.misplaced.annotation.check" value="true"/>
    <property name="path.separator" value=";"/>
    <property name="java.vm.name" value="Java HotSpot(TM) 64-Bit Server VM"/>
    <property name="sun.os.patch.level" value=""/>
    <property name="user.script" value=""/>
    <property name="user.country" value="US"/>
    <property name="sun.java.launcher" value="SUN_STANDARD"/>
    <property name="java.vm.specification.name" value="Java Virtual Machine Specification"/>
    <property name="user.dir" value="C:\Users\custo\IdeaProjects\WW_SoftwareEngineerTest"/>
    <property name="java.vm.compressedOopsMode" value="Zero based"/>
    <property name="java.runtime.version" value="11.0.1+13-LTS"/>
    <property name="java.awt.graphicsenv" value="sun.awt.Win32GraphicsEnvironment"/>
    <property name="os.arch" value="amd64"/>
    <property name="java.io.tmpdir" value="C:\Users\custo\AppData\Local\Temp\"/>
    <property name="line.separator" value="
"/>
    <property name="java.vm.specification.vendor" value="Oracle Corporation"/>
    <property name="user.variant" value=""/>
    <property name="os.name" value="Windows 10"/>
    <property name="classworlds.conf" value="C:\apache-maven-3.6.0\bin\..\bin\m2.conf"/>
    <property name="sun.jnu.encoding" value="Cp1252"/>
    <property name="java.library.path" value="C:\Progra~1\Java\jdk-11.0.1\bin;C:\WINDOWS\Sun\Java\bin;C:\WINDOWS\system32;C:\WINDOWS;C:\Program Files (x86)\Intel\iCLS Client\;C:\Program Files\Intel\iCLS Client\;C:\WINDOWS\system32;C:\WINDOWS;C:\WINDOWS\System32\Wbem;C:\WINDOWS\System32\WindowsPowerShell\v1.0\;C:\Program Files (x86)\Intel\Intel(R) Management Engine Components\DAL;C:\Program Files\Intel\Intel(R) Management Engine Components\DAL;C:\Program Files (x86)\Intel\Intel(R) Management Engine Components\IPT;C:\Program Files\Intel\Intel(R) Management Engine Components\IPT;C:\WINDOWS\System32\OpenSSH\;C:\Program Files\Intel\WiFi\bin\;C:\Program Files\Common Files\Intel\WirelessCommon\;C:\Progra~1\Java\jdk-11.0.1\bin\;C:\PROGRA~1\Java\jre1.8.0_192\bin\;C:\Program Files\Git\cmd;C:\apache-maven-3.6.0\bin\;C:\Users\custo\AppData\Local\Microsoft\WindowsApps;C:\Program Files\Intel\WiFi\bin\;C:\Program Files\Common Files\Intel\WirelessCommon\;C:\src\flutter;C:\Progra~1\Java\jdk-11.0.1\bin;C:\apache-maven-3.6.0\bin;C:\PROGRA~1\Java\jre1.8.0_192\bin;;."/>
    <property name="maven.conf" value="C:\apache-maven-3.6.0\bin\../conf"/>
    <property name="jdk.debug" value="release"/>
    <property name="java.class.version" value="55.0"/>
    <property name="java.specification.name" value="Java Platform API Specification"/>
    <property name="sun.management.compiler" value="HotSpot 64-Bit Tiered Compilers"/>
    <property name="os.version" value="10.0"/>
    <property name="library.jansi.path" value="C:\apache-maven-3.6.0\bin\..\lib\jansi-native"/>
    <property name="user.home" value="C:\Users\custo"/>
    <property name="user.timezone" value="America/New_York"/>
    <property name="java.awt.printerjob" value="sun.awt.windows.WPrinterJob"/>
    <property name="file.encoding" value="Cp1252"/>
    <property name="java.specification.version" value="11"/>
    <property name="user.name" value="custo"/>
    <property name="java.class.path" value="C:\apache-maven-3.6.0\bin\..\boot\plexus-classworlds-2.5.2.jar"/>
    <property name="java.vm.specification.version" value="11"/>
    <property name="sun.arch.data.model" value="64"/>
    <property name="sun.java.command" value="org.codehaus.plexus.classworlds.launcher.Launcher clean install -U"/>
    <property name="java.home" value="C:\Progra~1\Java\jdk-11.0.1"/>
    <property name="user.language" value="en"/>
    <property name="java.specification.vendor" value="Oracle Corporation"/>
    <property name="awt.toolkit" value="sun.awt.windows.WToolkit"/>
    <property name="java.vm.info" value="mixed mode"/>
    <property name="java.version" value="11.0.1"/>
    <property name="java.vendor" value="Oracle Corporation"/>
    <property name="sun.stderr.encoding" value="cp437"/>
    <property name="maven.home" value="C:\apache-maven-3.6.0\bin\.."/>
    <property name="file.separator" value="\"/>
    <property name="java.version.date" value="2018-10-16"/>
    <property name="java.vendor.url.bug" value="http://bugreport.java.com/bugreport/"/>
    <property name="sun.io.unicode.encoding" value="UnicodeLittle"/>
    <property name="sun.cpu.endian" value="little"/>
    <property name="java.vendor.version" value="18.9"/>
    <property name="sun.stdout.encoding" value="cp437"/>
    <property name="sun.desktop" value="windows"/>
    <property name="sun.cpu.isalist" value="amd64"/>
  </properties>
  <testcase classname="Scenario: People conducting meetings on zip code 10011" name="Given I open the browser" time="0.002"/>
  <testcase classname="Scenario: People conducting meetings on zip code 10011" name="When I Navigate to https://www.weightwatchers.com/us/" time="0"/>
  <testcase classname="Scenario: People conducting meetings on zip code 10011" name="Then I verify loaded page title matches “WW (Weight Watchers): Weight Loss &amp; Wellness Help”" time="0.008">
    <failure message="expected:&lt;[“WW (Weight Watchers): Weight Loss &amp; Wellness Help”]&gt; but was:&lt;[WW (Weight Watchers): Weight Loss &amp; Wellness Help]&gt;" type="org.junit.ComparisonFailure">org.junit.ComparisonFailure: expected:&lt;[“WW (Weight Watchers): Weight Loss &amp; Wellness Help”]&gt; but was:&lt;[WW (Weight Watchers): Weight Loss &amp; Wellness Help]&gt;
	at org.junit.Assert.assertEquals(Assert.java:115)
	at org.junit.Assert.assertEquals(Assert.java:144)
	at quesiton2_stepDefinition.i_verify_loaded_page_title_matches_page_title(quesiton2_stepDefinition.java:26)
	at ✽.Then I verify loaded page title matches “WW (Weight Watchers): Weight Loss &amp; Wellness Help”(question2.feature:6)
</failure>
  </testcase>
  <testcase classname="Scenario: People conducting meetings on zip code 10011" name="Scenario: People conducting meetings on zip code 10011" time="0.008">
    <failure message="expected:&lt;[“WW (Weight Watchers): Weight Loss &amp; Wellness Help”]&gt; but was:&lt;[WW (Weight Watchers): Weight Loss &amp; Wellness Help]&gt;" type="org.junit.ComparisonFailure">org.junit.ComparisonFailure: expected:&lt;[“WW (Weight Watchers): Weight Loss &amp; Wellness Help”]&gt; but was:&lt;[WW (Weight Watchers): Weight Loss &amp; Wellness Help]&gt;
	at org.junit.Assert.assertEquals(Assert.java:115)
	at org.junit.Assert.assertEquals(Assert.java:144)
	at quesiton2_stepDefinition.i_verify_loaded_page_title_matches_page_title(quesiton2_stepDefinition.java:26)
	at ✽.Then I verify loaded page title matches “WW (Weight Watchers): Weight Loss &amp; Wellness Help”(question2.feature:6)
</failure>
  </testcase>
  <testcase classname="Scenario: People conducting meetings on zip code 10011" name="When On the right corner of the page, click on “Find a Studio”" time="0.008">
    <skipped/>
  </testcase>
  <testcase classname="Scenario: People conducting meetings on zip code 10011" name="Then Verify loaded page title contains &quot;Find a Studio &amp; Meeting Near You | WW USA&quot;" time="0.008">
    <skipped/>
  </testcase>
  <testcase classname="Scenario: People conducting meetings on zip code 10011" name="When In the search field, search for studios for zip code: 10011" time="0.008">
    <skipped/>
  </testcase>
  <testcase classname="Scenario: People conducting meetings on zip code 10011" name="Then Print the title of the first result and the distance" time="0.008">
    <skipped/>
  </testcase>
  <testcase classname="Scenario: People conducting meetings on zip code 10011" name="And Click on the first search result and you should see names of the person conducting the meeting on the scheduled time right under time for each day." time="0.009">
    <skipped/>
  </testcase>
</testsuite>